<?xml version="1.0" encoding="UTF-8"?>
<testsuite xmlns:xsi="http://www.w3.org/2001/XMLSchema-instance" xsi:noNamespaceSchemaLocation="https://maven.apache.org/surefire/maven-surefire-plugin/xsd/surefire-test-report-3.0.xsd" version="3.0" name="com.learnjava.todo.TodoApplicationTest" time="4.981" tests="1" errors="0" skipped="0" failures="0">
  <properties>
[...]
</properties>
  <testcase name="contextLoads" classname="com.learnjava.todo.TodoApplicationTest" time="0.008">
    <system-out><![CDATA[2026-06-29T15:39:53.779+05:30  INFO 1072 --- [todo-app] [           main] t.c.s.AnnotationConfigContextLoaderUtils : Could not detect default configuration classes for test class [com.learnjava.todo.TodoApplicationTest]: TodoApplicationTest does not declare any static, non-private, non-final, nested classes annotated with @Configuration.
2026-06-29T15:39:53.805+05:30  INFO 1072 --- [todo-app] [           main] .b.t.c.SpringBootTestContextBootstrapper : Found @SpringBootConfiguration com.learnjava.todo.TodoApplication for test class com.learnjava.todo.TodoApplicationTest

  .   ____          _            __ _ _
 /\\ / ___'_ __ _ _(_)_ __  __ _ \ \ \ \
( ( )\___ | '_ | '_| | '_ \/ _` | \ \ \ \
 \\/  ___)| |_)| | | | | || (_| |  ) ) ) )
  '  |____| .__|_| |_|_| |_\__, | / / / /
 =========|_|==============|___/=/_/_/_/
 :: Spring Boot ::                (v3.2.5)

2026-06-29T15:39:53.856+05:30  INFO 1072 --- [todo-app] [           main] com.learnjava.todo.TodoApplicationTest   : Starting TodoApplicationTest using Java 25.0.3 with PID 1072 (started by ShrikantThakre in C:\Users\ShrikantThakre\Desktop\Learn\todo-app)
2026-06-29T15:39:53.856+05:30 DEBUG 1072 --- [todo-app] [           main] com.learnjava.todo.TodoApplicationTest   : Running with Spring Boot v3.2.5, Spring v6.1.6
2026-06-29T15:39:53.857+05:30  INFO 1072 --- [todo-app] [           main] com.learnjava.todo.TodoApplicationTest   : No active profile set, falling back to 1 default profile: "default"
2026-06-29T15:39:54.571+05:30  INFO 1072 --- [todo-app] [           main] .s.d.r.c.RepositoryConfigurationDelegate : Bootstrapping Spring Data JPA repositories in DEFAULT mode.
2026-06-29T15:39:54.645+05:30  INFO 1072 --- [todo-app] [           main] .s.d.r.c.RepositoryConfigurationDelegate : Finished Spring Data repository scanning in 63 ms. Found 2 JPA repository interfaces.
2026-06-29T15:39:55.000+05:30  INFO 1072 --- [todo-app] [           main] com.zaxxer.hikari.HikariDataSource       : HikariPool-1 - Starting...
2026-06-29T15:39:55.339+05:30  INFO 1072 --- [todo-app] [           main] com.zaxxer.hikari.pool.HikariPool        : HikariPool-1 - Added connection conn0: url=jdbc:h2:mem:tododb user=SA
2026-06-29T15:39:55.341+05:30  INFO 1072 --- [todo-app] [           main] com.zaxxer.hikari.HikariDataSource       : HikariPool-1 - Start completed.
2026-06-29T15:39:55.443+05:30  INFO 1072 --- [todo-app] [           main] o.f.c.internal.license.VersionPrinter    : Flyway Community Edition 9.22.3 by Redgate
2026-06-29T15:39:55.444+05:30  INFO 1072 --- [todo-app] [           main] o.f.c.internal.license.VersionPrinter    : See release notes here: https://rd.gt/416ObMi
2026-06-29T15:39:55.444+05:30  INFO 1072 --- [todo-app] [           main] o.f.c.internal.license.VersionPrinter    : 
2026-06-29T15:39:55.496+05:30  INFO 1072 --- [todo-app] [           main] org.flywaydb.core.FlywayExecutor         : Database: jdbc:h2:mem:tododb (H2 2.2)
2026-06-29T15:39:55.507+05:30  WARN 1072 --- [todo-app] [           main] o.f.c.internal.database.base.Database    : Flyway upgrade recommended: H2 2.2.224 is newer than this version of Flyway and support has not been tested. The latest supported version of H2 is 2.2.220.
2026-06-29T15:39:55.543+05:30  INFO 1072 --- [todo-app] [           main] o.f.c.i.s.JdbcTableSchemaHistory         : Schema history table "PUBLIC"."flyway_schema_history" does not exist yet
2026-06-29T15:39:55.546+05:30  INFO 1072 --- [todo-app] [           main] o.f.core.internal.command.DbValidate     : Successfully validated 3 migrations (execution time 00:00.020s)
2026-06-29T15:39:55.556+05:30  INFO 1072 --- [todo-app] [           main] o.f.c.i.s.JdbcTableSchemaHistory         : Creating Schema History table "PUBLIC"."flyway_schema_history" ...
2026-06-29T15:39:55.594+05:30  INFO 1072 --- [todo-app] [           main] o.f.core.internal.command.DbMigrate      : Current version of schema "PUBLIC": << Empty Schema >>
2026-06-29T15:39:55.602+05:30  INFO 1072 --- [todo-app] [           main] o.f.core.internal.command.DbMigrate      : Migrating schema "PUBLIC" to version "1 - create todos"
2026-06-29T15:39:55.624+05:30  INFO 1072 --- [todo-app] [           main] o.f.core.internal.command.DbMigrate      : Migrating schema "PUBLIC" to version "2 - create users"
2026-06-29T15:39:55.639+05:30  INFO 1072 --- [todo-app] [           main] o.f.core.internal.command.DbMigrate      : Migrating schema "PUBLIC" to version "3 - seed todos"
2026-06-29T15:39:55.656+05:30  INFO 1072 --- [todo-app] [           main] o.f.core.internal.command.DbMigrate      : Successfully applied 3 migrations to schema "PUBLIC", now at version v3 (execution time 00:00.019s)
2026-06-29T15:39:55.815+05:30  INFO 1072 --- [todo-app] [           main] o.hibernate.jpa.internal.util.LogHelper  : HHH000204: Processing PersistenceUnitInfo [name: default]
2026-06-29T15:39:55.954+05:30  INFO 1072 --- [todo-app] [           main] org.hibernate.Version                    : HHH000412: Hibernate ORM core version 6.4.4.Final
2026-06-29T15:39:56.009+05:30  INFO 1072 --- [todo-app] [           main] o.h.c.internal.RegionFactoryInitiator    : HHH000026: Second-level cache disabled
2026-06-29T15:39:56.186+05:30  INFO 1072 --- [todo-app] [           main] o.s.o.j.p.SpringPersistenceUnitInfo      : No LoadTimeWeaver setup: ignoring JPA class transformer
2026-06-29T15:39:56.276+05:30  WARN 1072 --- [todo-app] [           main] org.hibernate.orm.deprecation            : HHH90000025: H2Dialect does not need to be specified explicitly using 'hibernate.dialect' (remove the property setting and it will be selected by default)
2026-06-29T15:39:57.515+05:30  INFO 1072 --- [todo-app] [           main] o.h.e.t.j.p.i.JtaPlatformInitiator       : HHH000489: No JTA platform available (set 'hibernate.transaction.jta.platform' to enable JTA platform integration)
Hibernate: 
    drop table if exists todos cascade 
Hibernate: 
    drop table if exists users cascade 
Hibernate: 
    create table todos (
        completed boolean not null,
        created_at timestamp(6) not null,
        id bigint generated by default as identity,
        updated_at timestamp(6) not null,
        description TEXT,
        title TEXT not null,
        primary key (id)
    )
Hibernate: 
    create table users (
        created_at timestamp(6) not null,
        id bigint generated by default as identity,
        updated_at timestamp(6) not null,
        password TEXT not null,
        username varchar(255) not null unique,
        primary key (id)
    )
2026-06-29T15:39:57.587+05:30  INFO 1072 --- [todo-app] [           main] j.LocalContainerEntityManagerFactoryBean : Initialized JPA EntityManagerFactory for persistence unit 'default'
2026-06-29T15:39:58.290+05:30  WARN 1072 --- [todo-app] [           main] JpaBaseConfiguration$JpaWebConfiguration : spring.jpa.open-in-view is enabled by default. Therefore, database queries may be performed during view rendering. Explicitly configure spring.jpa.open-in-view to disable this warning
2026-06-29T15:39:58.415+05:30  INFO 1072 --- [todo-app] [           main] o.s.s.web.DefaultSecurityFilterChain     : Will secure any request with [org.springframework.security.web.session.DisableEncodeUrlFilter@155788a7, org.springframework.security.web.context.request.async.WebAsyncManagerIntegrationFilter@6cd8aee2, org.springframework.security.web.context.SecurityContextHolderFilter@4c0e09b5, org.springframework.security.web.header.HeaderWriterFilter@591e27f1, org.springframework.web.filter.CorsFilter@28f33810, org.springframework.security.web.authentication.logout.LogoutFilter@60232aad, com.learnjava.todo.security.JwtAuthenticationFilter@79753f20, org.springframework.security.web.savedrequest.RequestCacheAwareFilter@64078e6a, org.springframework.security.web.servletapi.SecurityContextHolderAwareRequestFilter@1170d81f, org.springframework.security.web.authentication.AnonymousAuthenticationFilter@476d5f2e, org.springframework.security.web.session.SessionManagementFilter@5862a07b, org.springframework.security.web.access.ExceptionTranslationFilter@54a81a18, org.springframework.security.web.access.intercept.AuthorizationFilter@2fa81b23]
2026-06-29T15:39:58.704+05:30  INFO 1072 --- [todo-app] [           main] o.s.b.a.h2.H2ConsoleAutoConfiguration    : H2 console available at '/h2-console'. Database available at 'jdbc:h2:mem:tododb'
2026-06-29T15:39:58.746+05:30  INFO 1072 --- [todo-app] [           main] com.learnjava.todo.TodoApplicationTest   : Started TodoApplicationTest in 4.929 seconds (process running for 11.33)
]]></system-out>
  </testcase>
</testsuite>