<?xml version="1.0" encoding="UTF-8"?>
<testsuite xmlns:xsi="http://www.w3.org/2001/XMLSchema-instance" xsi:noNamespaceSchemaLocation="https://maven.apache.org/surefire/maven-surefire-plugin/xsd/surefire-test-report-3.0.xsd" version="3.0" name="com.learnjava.todo.TodoApplicationTest" time="1.844" tests="1" errors="0" skipped="0" failures="0">
  <properties>
[...]
</properties>
  <testcase name="contextLoads" classname="com.learnjava.todo.TodoApplicationTest" time="0.51">
    <system-out><![CDATA[01:20:46.939 [main] INFO org.springframework.test.context.support.AnnotationConfigContextLoaderUtils -- Could not detect default configuration classes for test class [com.learnjava.todo.TodoApplicationTest]: TodoApplicationTest does not declare any static, non-private, non-final, nested classes annotated with @Configuration.
01:20:47.024 [main] INFO org.springframework.boot.test.context.SpringBootTestContextBootstrapper -- Found @SpringBootConfiguration com.learnjava.todo.TodoApplication for test class com.learnjava.todo.TodoApplicationTest

  .   ____          _            __ _ _
 /\\ / ___'_ __ _ _(_)_ __  __ _ \ \ \ \
( ( )\___ | '_ | '_| | '_ \/ _` | \ \ \ \
 \\/  ___)| |_)| | | | | || (_| |  ) ) ) )
  '  |____| .__|_| |_|_| |_\__, | / / / /
 =========|_|==============|___/=/_/_/_/
 :: Spring Boot ::                (v3.2.5)

2026-06-29T01:20:47.297+05:30  INFO 22064 --- [todo-app] [           main] com.learnjava.todo.TodoApplicationTest   : Starting TodoApplicationTest using Java 25.0.3 with PID 22064 (started by ShrikantThakre in C:\Users\ShrikantThakre\Desktop\Learn\todo-app)
2026-06-29T01:20:47.298+05:30 DEBUG 22064 --- [todo-app] [           main] com.learnjava.todo.TodoApplicationTest   : Running with Spring Boot v3.2.5, Spring v6.1.6
2026-06-29T01:20:47.298+05:30  INFO 22064 --- [todo-app] [           main] com.learnjava.todo.TodoApplicationTest   : No active profile set, falling back to 1 default profile: "default"
2026-06-29T01:20:47.816+05:30 DEBUG 22064 --- [todo-app] [           main] c.l.todo.service.impl.TodoServiceImpl    : In-memory store initialised with 3 todos
2026-06-29T01:20:48.163+05:30  INFO 22064 --- [todo-app] [           main] com.learnjava.todo.TodoApplicationTest   : Started TodoApplicationTest in 1.05 seconds (process running for 1.761)
]]></system-out>
    <system-err><![CDATA[WARNING: A Java agent has been loaded dynamically (C:\Users\ShrikantThakre\.m2\repository\net\bytebuddy\byte-buddy-agent\1.14.13\byte-buddy-agent-1.14.13.jar)
WARNING: If a serviceability tool is in use, please run with -XX:+EnableDynamicAgentLoading to hide this warning
WARNING: If a serviceability tool is not in use, please run with -Djdk.instrument.traceUsage for more information
WARNING: Dynamic loading of agents will be disallowed by default in a future release
]]></system-err>
  </testcase>
</testsuite>